  [1m[35m (216.6ms)[0m  [1m[35mCREATE DATABASE "Dyskord_development" ENCODING = 'unicode'[0m
  ↳ bin/rails:9
  [1m[35m (93.3ms)[0m  [1m[35mCREATE DATABASE "Dyskord_test" ENCODING = 'unicode'[0m
  ↳ bin/rails:9
  [1m[35m (50.5ms)[0m  [1m[35mCREATE TABLE "schema_migrations" ("version" character varying NOT NULL PRIMARY KEY)[0m
  ↳ bin/rails:9
  [1m[35m (8.2ms)[0m  [1m[35mCREATE TABLE "ar_internal_metadata" ("key" character varying NOT NULL PRIMARY KEY, "value" character varying, "created_at" timestamp NOT NULL, "updated_at" timestamp NOT NULL)[0m
  ↳ bin/rails:9
  [1m[35m (1.5ms)[0m  [1m[34mSELECT pg_try_advisory_lock(1583217964309182600)[0m
  ↳ bin/rails:9
  [1m[35m (2.7ms)[0m  [1m[34mSELECT "schema_migrations"."version" FROM "schema_migrations" ORDER BY "schema_migrations"."version" ASC[0m
  ↳ bin/rails:9
Migrating to CreateUsers (20200601175802)
  [1m[35m (3.3ms)[0m  [1m[35mBEGIN[0m
  ↳ bin/rails:9
  [1m[35m (17.6ms)[0m  [1m[35mCREATE TABLE "users" ("id" bigserial primary key, "username" character varying NOT NULL, "email" character varying NOT NULL, "password_digest" character varying NOT NULL, "session_token" character varying NOT NULL, "created_at" timestamp NOT NULL, "updated_at" timestamp NOT NULL)[0m
  ↳ db/migrate/20200601175802_create_users.rb:3
  [1m[35m (1.8ms)[0m  [1m[35mCREATE UNIQUE INDEX  "index_users_on_username" ON "users"  ("username")[0m
  ↳ db/migrate/20200601175802_create_users.rb:11
  [1m[35m (1.2ms)[0m  [1m[35mCREATE UNIQUE INDEX  "index_users_on_email" ON "users"  ("email")[0m
  ↳ db/migrate/20200601175802_create_users.rb:12
  [1m[35m (1.1ms)[0m  [1m[35mCREATE UNIQUE INDEX  "index_users_on_session_token" ON "users"  ("session_token")[0m
  ↳ db/migrate/20200601175802_create_users.rb:13
  [1m[36mActiveRecord::SchemaMigration Create (4.8ms)[0m  [1m[32mINSERT INTO "schema_migrations" ("version") VALUES ($1) RETURNING "version"[0m  [["version", "20200601175802"]]
  ↳ bin/rails:9
  [1m[35m (1.0ms)[0m  [1m[35mCOMMIT[0m
  ↳ bin/rails:9
  [1m[36mActiveRecord::InternalMetadata Load (1.1ms)[0m  [1m[34mSELECT  "ar_internal_metadata".* FROM "ar_internal_metadata" WHERE "ar_internal_metadata"."key" = $1 LIMIT $2[0m  [["key", "environment"], ["LIMIT", 1]]
  ↳ bin/rails:9
  [1m[35m (0.3ms)[0m  [1m[35mBEGIN[0m
  ↳ bin/rails:9
  [1m[36mActiveRecord::InternalMetadata Create (1.9ms)[0m  [1m[32mINSERT INTO "ar_internal_metadata" ("key", "value", "created_at", "updated_at") VALUES ($1, $2, $3, $4) RETURNING "key"[0m  [["key", "environment"], ["value", "development"], ["created_at", "2020-06-01 18:00:47.897833"], ["updated_at", "2020-06-01 18:00:47.897833"]]
  ↳ bin/rails:9
  [1m[35m (0.2ms)[0m  [1m[35mCOMMIT[0m
  ↳ bin/rails:9
  [1m[35m (0.2ms)[0m  [1m[34mSELECT pg_advisory_unlock(1583217964309182600)[0m
  ↳ bin/rails:9
  [1m[35m (0.6ms)[0m  [1m[34mSELECT "schema_migrations"."version" FROM "schema_migrations" ORDER BY "schema_migrations"."version" ASC[0m
  ↳ bin/rails:9
  [1m[35m (0.3ms)[0m  [1m[34mSELECT pg_try_advisory_lock(1583217964309182600)[0m
  ↳ bin/rails:9
  [1m[35m (0.9ms)[0m  [1m[34mSELECT "schema_migrations"."version" FROM "schema_migrations" ORDER BY "schema_migrations"."version" ASC[0m
  ↳ bin/rails:9
Migrating to CreateServers (20200601180603)
  [1m[35m (0.2ms)[0m  [1m[35mBEGIN[0m
  ↳ bin/rails:9
  [1m[35m (9.7ms)[0m  [1m[35mCREATE TABLE "servers" ("id" bigserial primary key, "private" boolean NOT NULL, "name" character varying NOT NULL, "owner_id" integer NOT NULL, "created_at" timestamp NOT NULL, "updated_at" timestamp NOT NULL)[0m
  ↳ db/migrate/20200601180603_create_servers.rb:3
  [1m[35m (0.9ms)[0m  [1m[35mCREATE UNIQUE INDEX  "index_servers_on_name" ON "servers"  ("name")[0m
  ↳ db/migrate/20200601180603_create_servers.rb:10
  [1m[35m (1.1ms)[0m  [1m[35mCREATE  INDEX  "index_servers_on_owner_id" ON "servers"  ("owner_id")[0m
  ↳ db/migrate/20200601180603_create_servers.rb:11
  [1m[36mActiveRecord::SchemaMigration Create (1.0ms)[0m  [1m[32mINSERT INTO "schema_migrations" ("version") VALUES ($1) RETURNING "version"[0m  [["version", "20200601180603"]]
  ↳ bin/rails:9
  [1m[35m (0.4ms)[0m  [1m[35mCOMMIT[0m
  ↳ bin/rails:9
  [1m[36mActiveRecord::InternalMetadata Load (1.1ms)[0m  [1m[34mSELECT  "ar_internal_metadata".* FROM "ar_internal_metadata" WHERE "ar_internal_metadata"."key" = $1 LIMIT $2[0m  [["key", "environment"], ["LIMIT", 1]]
  ↳ bin/rails:9
  [1m[35m (0.5ms)[0m  [1m[35mBEGIN[0m
  ↳ bin/rails:9
  [1m[35m (0.1ms)[0m  [1m[35mCOMMIT[0m
  ↳ bin/rails:9
  [1m[35m (0.2ms)[0m  [1m[34mSELECT pg_advisory_unlock(1583217964309182600)[0m
  ↳ bin/rails:9
  [1m[35m (0.2ms)[0m  [1m[34mSELECT "schema_migrations"."version" FROM "schema_migrations" ORDER BY "schema_migrations"."version" ASC[0m
  ↳ bin/rails:9
  [1m[35m (0.2ms)[0m  [1m[34mSELECT pg_try_advisory_lock(1583217964309182600)[0m
  ↳ bin/rails:9
  [1m[35m (0.9ms)[0m  [1m[34mSELECT "schema_migrations"."version" FROM "schema_migrations" ORDER BY "schema_migrations"."version" ASC[0m
  ↳ bin/rails:9
Migrating to CreateServerUsers (20200601180929)
  [1m[35m (0.2ms)[0m  [1m[35mBEGIN[0m
  ↳ bin/rails:9
  [1m[35m (7.5ms)[0m  [1m[35mCREATE TABLE "server_users" ("id" bigserial primary key, "server_id" integer NOT NULL, "user_id" integer NOT NULL, "created_at" timestamp NOT NULL, "updated_at" timestamp NOT NULL)[0m
  ↳ db/migrate/20200601180929_create_server_users.rb:3
  [1m[35m (1.7ms)[0m  [1m[35mCREATE UNIQUE INDEX  "index_server_users_on_user_id_and_server_id" ON "server_users"  ("user_id", "server_id")[0m
  ↳ db/migrate/20200601180929_create_server_users.rb:9
  [1m[36mActiveRecord::SchemaMigration Create (0.3ms)[0m  [1m[32mINSERT INTO "schema_migrations" ("version") VALUES ($1) RETURNING "version"[0m  [["version", "20200601180929"]]
  ↳ bin/rails:9
  [1m[35m (0.5ms)[0m  [1m[35mCOMMIT[0m
  ↳ bin/rails:9
  [1m[36mActiveRecord::InternalMetadata Load (0.4ms)[0m  [1m[34mSELECT  "ar_internal_metadata".* FROM "ar_internal_metadata" WHERE "ar_internal_metadata"."key" = $1 LIMIT $2[0m  [["key", "environment"], ["LIMIT", 1]]
  ↳ bin/rails:9
  [1m[35m (0.3ms)[0m  [1m[35mBEGIN[0m
  ↳ bin/rails:9
  [1m[35m (0.1ms)[0m  [1m[35mCOMMIT[0m
  ↳ bin/rails:9
  [1m[35m (0.2ms)[0m  [1m[34mSELECT pg_advisory_unlock(1583217964309182600)[0m
  ↳ bin/rails:9
  [1m[35m (0.2ms)[0m  [1m[34mSELECT "schema_migrations"."version" FROM "schema_migrations" ORDER BY "schema_migrations"."version" ASC[0m
  ↳ bin/rails:9
  [1m[35m (0.2ms)[0m  [1m[34mSELECT pg_try_advisory_lock(1583217964309182600)[0m
  ↳ bin/rails:9
  [1m[35m (1.7ms)[0m  [1m[34mSELECT "schema_migrations"."version" FROM "schema_migrations" ORDER BY "schema_migrations"."version" ASC[0m
  ↳ bin/rails:9
Migrating to CreateChannels (20200601181715)
  [1m[35m (0.2ms)[0m  [1m[35mBEGIN[0m
  ↳ bin/rails:9
  [1m[35m (7.3ms)[0m  [1m[35mCREATE TABLE "channels" ("id" bigserial primary key, "name" character varying NOT NULL, "server_id" integer NOT NULL, "created_at" timestamp NOT NULL, "updated_at" timestamp NOT NULL)[0m
  ↳ db/migrate/20200601181715_create_channels.rb:3
  [1m[35m (4.2ms)[0m  [1m[35mCREATE  INDEX  "index_channels_on_server_id" ON "channels"  ("server_id")[0m
  ↳ db/migrate/20200601181715_create_channels.rb:9
  [1m[36mActiveRecord::SchemaMigration Create (0.4ms)[0m  [1m[32mINSERT INTO "schema_migrations" ("version") VALUES ($1) RETURNING "version"[0m  [["version", "20200601181715"]]
  ↳ bin/rails:9
  [1m[35m (1.4ms)[0m  [1m[35mCOMMIT[0m
  ↳ bin/rails:9
  [1m[36mActiveRecord::InternalMetadata Load (1.1ms)[0m  [1m[34mSELECT  "ar_internal_metadata".* FROM "ar_internal_metadata" WHERE "ar_internal_metadata"."key" = $1 LIMIT $2[0m  [["key", "environment"], ["LIMIT", 1]]
  ↳ bin/rails:9
  [1m[35m (0.3ms)[0m  [1m[35mBEGIN[0m
  ↳ bin/rails:9
  [1m[35m (0.2ms)[0m  [1m[35mCOMMIT[0m
  ↳ bin/rails:9
  [1m[35m (0.4ms)[0m  [1m[34mSELECT pg_advisory_unlock(1583217964309182600)[0m
  ↳ bin/rails:9
  [1m[35m (0.3ms)[0m  [1m[34mSELECT "schema_migrations"."version" FROM "schema_migrations" ORDER BY "schema_migrations"."version" ASC[0m
  ↳ bin/rails:9
  [1m[35m (0.2ms)[0m  [1m[34mSELECT pg_try_advisory_lock(1583217964309182600)[0m
  ↳ bin/rails:9
  [1m[35m (0.9ms)[0m  [1m[34mSELECT "schema_migrations"."version" FROM "schema_migrations" ORDER BY "schema_migrations"."version" ASC[0m
  ↳ bin/rails:9
Migrating to CreateMessages (20200601182734)
  [1m[35m (0.1ms)[0m  [1m[35mBEGIN[0m
  ↳ bin/rails:9
  [1m[35m (13.2ms)[0m  [1m[35mCREATE TABLE "messages" ("id" bigserial primary key, "body" character varying NOT NULL, "channel_id" integer NOT NULL, "author_id" integer NOT NULL, "created_at" timestamp NOT NULL, "updated_at" timestamp NOT NULL)[0m
  ↳ db/migrate/20200601182734_create_messages.rb:3
  [1m[35m (1.1ms)[0m  [1m[35mCREATE  INDEX  "index_messages_on_channel_id" ON "messages"  ("channel_id")[0m
  ↳ db/migrate/20200601182734_create_messages.rb:10
  [1m[35m (1.2ms)[0m  [1m[35mCREATE  INDEX  "index_messages_on_author_id" ON "messages"  ("author_id")[0m
  ↳ db/migrate/20200601182734_create_messages.rb:11
  [1m[36mActiveRecord::SchemaMigration Create (0.4ms)[0m  [1m[32mINSERT INTO "schema_migrations" ("version") VALUES ($1) RETURNING "version"[0m  [["version", "20200601182734"]]
  ↳ bin/rails:9
  [1m[35m (0.6ms)[0m  [1m[35mCOMMIT[0m
  ↳ bin/rails:9
  [1m[36mActiveRecord::InternalMetadata Load (0.7ms)[0m  [1m[34mSELECT  "ar_internal_metadata".* FROM "ar_internal_metadata" WHERE "ar_internal_metadata"."key" = $1 LIMIT $2[0m  [["key", "environment"], ["LIMIT", 1]]
  ↳ bin/rails:9
  [1m[35m (0.1ms)[0m  [1m[35mBEGIN[0m
  ↳ bin/rails:9
  [1m[35m (0.1ms)[0m  [1m[35mCOMMIT[0m
  ↳ bin/rails:9
  [1m[35m (0.2ms)[0m  [1m[34mSELECT pg_advisory_unlock(1583217964309182600)[0m
  ↳ bin/rails:9
  [1m[35m (0.4ms)[0m  [1m[34mSELECT "schema_migrations"."version" FROM "schema_migrations" ORDER BY "schema_migrations"."version" ASC[0m
  ↳ bin/rails:9
  [1m[35m (1.1ms)[0m  [1m[34mSELECT "schema_migrations"."version" FROM "schema_migrations" ORDER BY "schema_migrations"."version" ASC[0m
  ↳ /Users/williamsuh/.rbenv/versions/2.5.1/bin/annotate:23
Started GET "/" for ::1 at 2020-06-01 15:18:32 -0400
  [1m[35m (7.8ms)[0m  [1m[34mSELECT "schema_migrations"."version" FROM "schema_migrations" ORDER BY "schema_migrations"."version" ASC[0m
  ↳ /Users/williamsuh/.rbenv/versions/2.5.1/lib/ruby/gems/2.5.0/gems/activerecord-5.2.4.3/lib/active_record/log_subscriber.rb:98

SyntaxError - syntax error, unexpected end-of-input, expecting keyword_end:
  app/controllers/application_controller.rb:30:in `'
  app/controllers/static_pages_controller.rb:1:in `<top (required)>'

Started POST "/__better_errors/054d7033d05966c6/variables" for ::1 at 2020-06-01 15:18:33 -0400
Started GET "/" for ::1 at 2020-06-01 15:19:07 -0400
Processing by StaticPagesController#root as HTML
  Rendering static_pages/root.html.erb within layouts/application
  Rendered static_pages/root.html.erb within layouts/application (1.1ms)
Completed 200 OK in 1227ms (Views: 1225.0ms | ActiveRecord: 0.0ms)


Started POST "/api/users" for ::1 at 2020-06-01 15:22:29 -0400
Processing by Api::UsersController#create as JSON
  Parameters: {"user"=>{"username"=>"dub", "password"=>"[FILTERED]"}}
Completed 500 Internal Server Error in 10ms (ActiveRecord: 0.0ms)



SyntaxError - syntax error, unexpected ':', expecting keyword_end
    dependent: :destroy
             ^:
  app/models/user.rb:25:in `'
  app/controllers/api/users_controller.rb:3:in `create'

Started POST "/api/users" for ::1 at 2020-06-01 15:23:26 -0400
Processing by Api::UsersController#create as JSON
  Parameters: {"user"=>{"username"=>"dub", "password"=>"[FILTERED]"}}
  [1m[35m (0.3ms)[0m  [1m[35mBEGIN[0m
  ↳ app/controllers/api/users_controller.rb:5
  [1m[36mUser Exists (5.6ms)[0m  [1m[34mSELECT  1 AS one FROM "users" WHERE "users"."username" = $1 LIMIT $2[0m  [["username", "dub"], ["LIMIT", 1]]
  ↳ app/controllers/api/users_controller.rb:5
  [1m[36mUser Create (4.8ms)[0m  [1m[32mINSERT INTO "users" ("username", "password_digest", "session_token", "created_at", "updated_at") VALUES ($1, $2, $3, $4, $5) RETURNING "id"[0m  [["username", "dub"], ["password_digest", "$2a$12$qIKXLQwx8189ZGzxX6KP8uGkwvxRVJXS1S3lN3xjTMAPhjr5rDpo2"], ["session_token", "u2Q9PiP9QIhVxO2cBY4Gyg"], ["created_at", "2020-06-01 19:23:26.440531"], ["updated_at", "2020-06-01 19:23:26.440531"]]
  ↳ app/controllers/api/users_controller.rb:5
  [1m[35m (0.2ms)[0m  [1m[31mROLLBACK[0m
  ↳ app/controllers/api/users_controller.rb:5
Completed 500 Internal Server Error in 307ms (ActiveRecord: 32.0ms)



ActiveRecord::NotNullViolation - PG::NotNullViolation: ERROR:  null value in column "email" violates not-null constraint
DETAIL:  Failing row contains (1, dub, null, $2a$12$qIKXLQwx8189ZGzxX6KP8uGkwvxRVJXS1S3lN3xjTMAPhjr5rDpo2, u2Q9PiP9QIhVxO2cBY4Gyg, 2020-06-01 19:23:26.440531, 2020-06-01 19:23:26.440531).
: INSERT INTO "users" ("username", "password_digest", "session_token", "created_at", "updated_at") VALUES ($1, $2, $3, $4, $5) RETURNING "id":
  app/controllers/api/users_controller.rb:5:in `create'

Started POST "/api/users" for ::1 at 2020-06-01 15:24:34 -0400
Processing by Api::UsersController#create as JSON
  Parameters: {"user"=>{"username"=>"dub", "email"=>"dubberman", "password"=>"[FILTERED]"}}
Unpermitted parameter: :email
  [1m[35m (0.2ms)[0m  [1m[35mBEGIN[0m
  ↳ app/controllers/api/users_controller.rb:5
  [1m[36mUser Exists (0.5ms)[0m  [1m[34mSELECT  1 AS one FROM "users" WHERE "users"."username" = $1 LIMIT $2[0m  [["username", "dub"], ["LIMIT", 1]]
  ↳ app/controllers/api/users_controller.rb:5
  [1m[36mUser Create (4.2ms)[0m  [1m[32mINSERT INTO "users" ("username", "password_digest", "session_token", "created_at", "updated_at") VALUES ($1, $2, $3, $4, $5) RETURNING "id"[0m  [["username", "dub"], ["password_digest", "$2a$12$.PxIaSQaS9l.hS.XB0F.7eBbWMGAHxsGCp5zBquIgIImyhpzQd5wC"], ["session_token", "jBo3fi3aqSsDslNIrXOOyQ"], ["created_at", "2020-06-01 19:24:34.479619"], ["updated_at", "2020-06-01 19:24:34.479619"]]
  ↳ app/controllers/api/users_controller.rb:5
  [1m[35m (0.2ms)[0m  [1m[31mROLLBACK[0m
  ↳ app/controllers/api/users_controller.rb:5
Completed 500 Internal Server Error in 232ms (ActiveRecord: 5.2ms)



ActiveRecord::NotNullViolation - PG::NotNullViolation: ERROR:  null value in column "email" violates not-null constraint
DETAIL:  Failing row contains (2, dub, null, $2a$12$.PxIaSQaS9l.hS.XB0F.7eBbWMGAHxsGCp5zBquIgIImyhpzQd5wC, jBo3fi3aqSsDslNIrXOOyQ, 2020-06-01 19:24:34.479619, 2020-06-01 19:24:34.479619).
: INSERT INTO "users" ("username", "password_digest", "session_token", "created_at", "updated_at") VALUES ($1, $2, $3, $4, $5) RETURNING "id":
  app/controllers/api/users_controller.rb:5:in `create'

Started POST "/api/users" for ::1 at 2020-06-01 15:26:47 -0400
Processing by Api::UsersController#create as JSON
  Parameters: {"user"=>{"username"=>"dub", "email"=>"dubberman", "password"=>"[FILTERED]"}}
  [1m[35m (0.2ms)[0m  [1m[35mBEGIN[0m
  ↳ app/controllers/api/users_controller.rb:5
  [1m[36mUser Exists (0.4ms)[0m  [1m[34mSELECT  1 AS one FROM "users" WHERE "users"."username" = $1 LIMIT $2[0m  [["username", "dub"], ["LIMIT", 1]]
  ↳ app/controllers/api/users_controller.rb:5
  [1m[36mUser Exists (0.5ms)[0m  [1m[34mSELECT  1 AS one FROM "users" WHERE "users"."email" = $1 LIMIT $2[0m  [["email", "dubberman"], ["LIMIT", 1]]
  ↳ app/controllers/api/users_controller.rb:5
  [1m[36mUser Create (1.0ms)[0m  [1m[32mINSERT INTO "users" ("username", "email", "password_digest", "session_token", "created_at", "updated_at") VALUES ($1, $2, $3, $4, $5, $6) RETURNING "id"[0m  [["username", "dub"], ["email", "dubberman"], ["password_digest", "$2a$12$5uGedDvRibyPJytGnDvEG.yCk.8/O.4zUuGE4ngMuKfqEz8kPvxHm"], ["session_token", "CR3iIJhhazzxOYYR2O2OQA"], ["created_at", "2020-06-01 19:26:47.395796"], ["updated_at", "2020-06-01 19:26:47.395796"]]
  ↳ app/controllers/api/users_controller.rb:5
  [1m[35m (0.3ms)[0m  [1m[35mCOMMIT[0m
  ↳ app/controllers/api/users_controller.rb:5
Completed 500 Internal Server Error in 266ms (ActiveRecord: 7.9ms)



NoMethodError - undefined method `reset_session_token!' for #<User:0x00007f83e4aa6620>
Did you mean?  reset_session_token
               restore_session_token!:
  app/controllers/application_controller.rb:15:in `login'
  app/controllers/api/users_controller.rb:6:in `create'

Started POST "/api/users" for ::1 at 2020-06-01 15:34:01 -0400
Processing by Api::UsersController#create as JSON
  Parameters: {"user"=>{"username"=>"dub", "email"=>"dubberman", "password"=>"[FILTERED]"}}
  [1m[35m (0.2ms)[0m  [1m[35mBEGIN[0m
  ↳ app/controllers/api/users_controller.rb:5
  [1m[36mUser Exists (1.1ms)[0m  [1m[34mSELECT  1 AS one FROM "users" WHERE "users"."username" = $1 LIMIT $2[0m  [["username", "dub"], ["LIMIT", 1]]
  ↳ app/controllers/api/users_controller.rb:5
  [1m[36mUser Exists (0.3ms)[0m  [1m[34mSELECT  1 AS one FROM "users" WHERE "users"."email" = $1 LIMIT $2[0m  [["email", "dubberman"], ["LIMIT", 1]]
  ↳ app/controllers/api/users_controller.rb:5
  [1m[35m (0.1ms)[0m  [1m[31mROLLBACK[0m
  ↳ app/controllers/api/users_controller.rb:5
Completed 401 Unauthorized in 250ms (Views: 0.3ms | ActiveRecord: 12.7ms)


  [1m[36mUser Load (0.7ms)[0m  [1m[34mSELECT "users".* FROM "users"[0m
Started POST "/api/session" for ::1 at 2020-06-01 15:34:45 -0400
Processing by Api::SessionsController#create as JSON
  Parameters: {"user"=>{"username"=>"dub", "email"=>"dubberman", "password"=>"[FILTERED]"}}
  [1m[36mUser Load (0.4ms)[0m  [1m[34mSELECT  "users".* FROM "users" WHERE "users"."email" = $1 LIMIT $2[0m  [["email", "dub"], ["LIMIT", 1]]
  ↳ app/models/user.rb:42
Completed 401 Unauthorized in 8ms (Views: 0.3ms | ActiveRecord: 0.6ms)


Started POST "/api/session" for ::1 at 2020-06-01 15:35:47 -0400
Processing by Api::SessionsController#create as JSON
  Parameters: {"user"=>{"username"=>"dub", "email"=>"dubberman", "password"=>"[FILTERED]"}}
Completed 500 Internal Server Error in 8ms (ActiveRecord: 0.0ms)



ArgumentError - wrong number of arguments (given 3, expected 2):
  app/models/user.rb:41:in `find_by_credentials'
  app/controllers/api/sessions_controller.rb:3:in `create'

Started POST "/api/session" for ::1 at 2020-06-01 15:36:40 -0400
Processing by Api::SessionsController#create as JSON
  Parameters: {"user"=>{"username"=>"dub", "email"=>"dubberman", "password"=>"[FILTERED]"}}
  [1m[36mUser Load (0.3ms)[0m  [1m[34mSELECT  "users".* FROM "users" WHERE "users"."username" = $1 LIMIT $2[0m  [["username", "dub"], ["LIMIT", 1]]
  ↳ app/models/user.rb:42
Completed 500 Internal Server Error in 305ms (ActiveRecord: 8.3ms)



NoMethodError - undefined method `login' for #<Api::SessionsController:0x00007f83ec802b28>
Did you mean?  login!:
  app/controllers/api/sessions_controller.rb:8:in `create'

Started POST "/api/session" for ::1 at 2020-06-01 15:37:28 -0400
Processing by Api::SessionsController#create as JSON
  Parameters: {"user"=>{"username"=>"dub", "email"=>"dubberman", "password"=>"[FILTERED]"}}
  [1m[36mUser Load (0.4ms)[0m  [1m[34mSELECT  "users".* FROM "users" WHERE "users"."username" = $1 LIMIT $2[0m  [["username", "dub"], ["LIMIT", 1]]
  ↳ app/models/user.rb:42
  [1m[35m (0.2ms)[0m  [1m[35mBEGIN[0m
  ↳ app/models/user.rb:65
  [1m[36mUser Exists (2.0ms)[0m  [1m[34mSELECT  1 AS one FROM "users" WHERE "users"."username" = $1 AND "users"."id" != $2 LIMIT $3[0m  [["username", "dub"], ["id", 3], ["LIMIT", 1]]
  ↳ app/models/user.rb:65
  [1m[36mUser Exists (0.4ms)[0m  [1m[34mSELECT  1 AS one FROM "users" WHERE "users"."email" = $1 AND "users"."id" != $2 LIMIT $3[0m  [["email", "dubberman"], ["id", 3], ["LIMIT", 1]]
  ↳ app/models/user.rb:65
  [1m[36mUser Update (3.2ms)[0m  [1m[33mUPDATE "users" SET "session_token" = $1, "updated_at" = $2 WHERE "users"."id" = $3[0m  [["session_token", "DQURHfwP89UQtsibzr8DRQ"], ["updated_at", "2020-06-01 19:37:28.958102"], ["id", 3]]
  ↳ app/models/user.rb:65
  [1m[35m (0.4ms)[0m  [1m[35mCOMMIT[0m
  ↳ app/models/user.rb:65
Completed 500 Internal Server Error in 253ms (ActiveRecord: 12.4ms)



ActionView::MissingTemplate - Missing template api/users/show with {:locale=>[:en], :formats=>[:json], :variants=>[], :handlers=>[:raw, :erb, :html, :builder, :ruby, :coffee, :jbuilder]}. Searched in:
  * "/Users/williamsuh/Desktop/Dyskord/app/views"
:
  app/controllers/api/sessions_controller.rb:9:in `create'

Started POST "/api/session" for ::1 at 2020-06-01 15:39:17 -0400
Processing by Api::SessionsController#create as JSON
  Parameters: {"user"=>{"username"=>"dub", "email"=>"dubberman", "password"=>"[FILTERED]"}}
  [1m[36mUser Load (0.7ms)[0m  [1m[34mSELECT  "users".* FROM "users" WHERE "users"."username" = $1 LIMIT $2[0m  [["username", "dub"], ["LIMIT", 1]]
  ↳ app/models/user.rb:42
  [1m[35m (0.2ms)[0m  [1m[35mBEGIN[0m
  ↳ app/models/user.rb:65
  [1m[36mUser Exists (0.5ms)[0m  [1m[34mSELECT  1 AS one FROM "users" WHERE "users"."username" = $1 AND "users"."id" != $2 LIMIT $3[0m  [["username", "dub"], ["id", 3], ["LIMIT", 1]]
  ↳ app/models/user.rb:65
  [1m[36mUser Exists (0.4ms)[0m  [1m[34mSELECT  1 AS one FROM "users" WHERE "users"."email" = $1 AND "users"."id" != $2 LIMIT $3[0m  [["email", "dubberman"], ["id", 3], ["LIMIT", 1]]
  ↳ app/models/user.rb:65
  [1m[36mUser Update (0.5ms)[0m  [1m[33mUPDATE "users" SET "session_token" = $1, "updated_at" = $2 WHERE "users"."id" = $3[0m  [["session_token", "GLCxd7bhyozZZggMy-PDRg"], ["updated_at", "2020-06-01 19:39:18.131365"], ["id", 3]]
  ↳ app/models/user.rb:65
  [1m[35m (0.5ms)[0m  [1m[35mCOMMIT[0m
  ↳ app/models/user.rb:65
  Rendering api/users/show.json.jbuilder
  Rendered api/users/_user.json.jbuilder (0.3ms)
  Rendered api/users/show.json.jbuilder (2.8ms)
Completed 200 OK in 236ms (Views: 8.7ms | ActiveRecord: 2.8ms)


  [1m[36mUser Load (2.0ms)[0m  [1m[34mSELECT "users".* FROM "users"[0m
Started POST "/api/session" for ::1 at 2020-06-01 15:40:55 -0400
Processing by Api::SessionsController#create as JSON
Completed 500 Internal Server Error in 13ms (ActiveRecord: 0.0ms)



NoMethodError - undefined method `[]' for nil:NilClass:
  app/controllers/api/sessions_controller.rb:4:in `create'

Started DELETE "/api/session" for ::1 at 2020-06-01 15:42:06 -0400
Processing by Api::SessionsController#destroy as JSON
  [1m[36mUser Load (0.4ms)[0m  [1m[34mSELECT  "users".* FROM "users" WHERE "users"."session_token" = $1 LIMIT $2[0m  [["session_token", "GLCxd7bhyozZZggMy-PDRg"], ["LIMIT", 1]]
  ↳ app/controllers/application_controller.rb:6
  [1m[35m (0.1ms)[0m  [1m[35mBEGIN[0m
  ↳ app/models/user.rb:65
  [1m[36mUser Exists (0.6ms)[0m  [1m[34mSELECT  1 AS one FROM "users" WHERE "users"."username" = $1 AND "users"."id" != $2 LIMIT $3[0m  [["username", "dub"], ["id", 3], ["LIMIT", 1]]
  ↳ app/models/user.rb:65
  [1m[36mUser Exists (0.4ms)[0m  [1m[34mSELECT  1 AS one FROM "users" WHERE "users"."email" = $1 AND "users"."id" != $2 LIMIT $3[0m  [["email", "dubberman"], ["id", 3], ["LIMIT", 1]]
  ↳ app/models/user.rb:65
  [1m[36mUser Update (1.6ms)[0m  [1m[33mUPDATE "users" SET "session_token" = $1, "updated_at" = $2 WHERE "users"."id" = $3[0m  [["session_token", "Y8HJcRKzoQ4sIkmedv7Pdg"], ["updated_at", "2020-06-01 19:42:06.117916"], ["id", 3]]
  ↳ app/models/user.rb:65
  [1m[35m (0.4ms)[0m  [1m[35mCOMMIT[0m
  ↳ app/models/user.rb:65
  Rendering api/users/show.json.jbuilder
  Rendered api/users/_user.json.jbuilder (0.3ms)
  Rendered api/users/show.json.jbuilder (2.0ms)
Completed 200 OK in 32ms (Views: 11.0ms | ActiveRecord: 3.5ms)


Started POST "/api/session" for ::1 at 2020-06-01 15:42:15 -0400
Processing by Api::SessionsController#create as JSON
  Parameters: {"user"=>{"username"=>"dub", "email"=>"dubberman", "password"=>"[FILTERED]"}}
  [1m[36mUser Load (0.5ms)[0m  [1m[34mSELECT  "users".* FROM "users" WHERE "users"."username" = $1 LIMIT $2[0m  [["username", "dub"], ["LIMIT", 1]]
  ↳ app/models/user.rb:42
  [1m[35m (0.2ms)[0m  [1m[35mBEGIN[0m
  ↳ app/models/user.rb:65
  [1m[36mUser Exists (0.4ms)[0m  [1m[34mSELECT  1 AS one FROM "users" WHERE "users"."username" = $1 AND "users"."id" != $2 LIMIT $3[0m  [["username", "dub"], ["id", 3], ["LIMIT", 1]]
  ↳ app/models/user.rb:65
  [1m[36mUser Exists (0.3ms)[0m  [1m[34mSELECT  1 AS one FROM "users" WHERE "users"."email" = $1 AND "users"."id" != $2 LIMIT $3[0m  [["email", "dubberman"], ["id", 3], ["LIMIT", 1]]
  ↳ app/models/user.rb:65
  [1m[36mUser Update (0.4ms)[0m  [1m[33mUPDATE "users" SET "session_token" = $1, "updated_at" = $2 WHERE "users"."id" = $3[0m  [["session_token", "6txjrxmf28O0eJhe_nYaig"], ["updated_at", "2020-06-01 19:42:15.252818"], ["id", 3]]
  ↳ app/models/user.rb:65
  [1m[35m (0.9ms)[0m  [1m[35mCOMMIT[0m
  ↳ app/models/user.rb:65
  Rendering api/users/show.json.jbuilder
  Rendered api/users/_user.json.jbuilder (2.5ms)
  Rendered api/users/show.json.jbuilder (3.5ms)
Completed 200 OK in 228ms (Views: 8.0ms | ActiveRecord: 2.6ms)


Started GET "/" for ::1 at 2020-06-01 15:42:47 -0400
Processing by StaticPagesController#root as HTML
  Rendering static_pages/root.html.erb within layouts/application
  Rendered static_pages/root.html.erb within layouts/application (0.3ms)
Completed 200 OK in 307ms (Views: 305.8ms | ActiveRecord: 0.0ms)


Started POST "/api/session" for ::1 at 2020-06-01 15:43:02 -0400
Processing by Api::SessionsController#create as JSON
  Parameters: {"user"=>{"username"=>"dub", "email"=>"dubberman", "password"=>"[FILTERED]"}}
  [1m[36mUser Load (0.5ms)[0m  [1m[34mSELECT  "users".* FROM "users" WHERE "users"."username" = $1 LIMIT $2[0m  [["username", "dub"], ["LIMIT", 1]]
  ↳ app/models/user.rb:42
  [1m[35m (0.2ms)[0m  [1m[35mBEGIN[0m
  ↳ app/models/user.rb:65
  [1m[36mUser Exists (0.5ms)[0m  [1m[34mSELECT  1 AS one FROM "users" WHERE "users"."username" = $1 AND "users"."id" != $2 LIMIT $3[0m  [["username", "dub"], ["id", 3], ["LIMIT", 1]]
  ↳ app/models/user.rb:65
  [1m[36mUser Exists (0.2ms)[0m  [1m[34mSELECT  1 AS one FROM "users" WHERE "users"."email" = $1 AND "users"."id" != $2 LIMIT $3[0m  [["email", "dubberman"], ["id", 3], ["LIMIT", 1]]
  ↳ app/models/user.rb:65
  [1m[36mUser Update (0.4ms)[0m  [1m[33mUPDATE "users" SET "session_token" = $1, "updated_at" = $2 WHERE "users"."id" = $3[0m  [["session_token", "CUQAJY4JohjycefcFucLVA"], ["updated_at", "2020-06-01 19:43:02.560350"], ["id", 3]]
  ↳ app/models/user.rb:65
  [1m[35m (0.3ms)[0m  [1m[35mCOMMIT[0m
  ↳ app/models/user.rb:65
  Rendering api/users/show.json.jbuilder
  Rendered api/users/_user.json.jbuilder (0.6ms)
  Rendered api/users/show.json.jbuilder (2.1ms)
Completed 200 OK in 224ms (Views: 6.4ms | ActiveRecord: 2.1ms)


Started DELETE "/api/session" for ::1 at 2020-06-01 15:43:06 -0400
Processing by Api::SessionsController#destroy as JSON
  [1m[36mUser Load (0.5ms)[0m  [1m[34mSELECT  "users".* FROM "users" WHERE "users"."session_token" = $1 LIMIT $2[0m  [["session_token", "CUQAJY4JohjycefcFucLVA"], ["LIMIT", 1]]
  ↳ app/controllers/application_controller.rb:6
  [1m[35m (0.2ms)[0m  [1m[35mBEGIN[0m
  ↳ app/models/user.rb:65
  [1m[36mUser Exists (0.5ms)[0m  [1m[34mSELECT  1 AS one FROM "users" WHERE "users"."username" = $1 AND "users"."id" != $2 LIMIT $3[0m  [["username", "dub"], ["id", 3], ["LIMIT", 1]]
  ↳ app/models/user.rb:65
  [1m[36mUser Exists (0.4ms)[0m  [1m[34mSELECT  1 AS one FROM "users" WHERE "users"."email" = $1 AND "users"."id" != $2 LIMIT $3[0m  [["email", "dubberman"], ["id", 3], ["LIMIT", 1]]
  ↳ app/models/user.rb:65
  [1m[36mUser Update (0.5ms)[0m  [1m[33mUPDATE "users" SET "session_token" = $1, "updated_at" = $2 WHERE "users"."id" = $3[0m  [["session_token", "emp1dj19QxcwPJHch7Cs2A"], ["updated_at", "2020-06-01 19:43:06.096505"], ["id", 3]]
  ↳ app/models/user.rb:65
  [1m[35m (0.6ms)[0m  [1m[35mCOMMIT[0m
  ↳ app/models/user.rb:65
  Rendering api/users/show.json.jbuilder
  Rendered api/users/_user.json.jbuilder (0.5ms)
  Rendered api/users/show.json.jbuilder (1.6ms)
Completed 200 OK in 16ms (Views: 6.7ms | ActiveRecord: 2.6ms)


Started GET "/" for ::1 at 2020-06-01 16:10:39 -0400
Processing by StaticPagesController#root as HTML
  Rendering static_pages/root.html.erb within layouts/application
  Rendered static_pages/root.html.erb within layouts/application (1.9ms)
Completed 200 OK in 72ms (Views: 67.2ms | ActiveRecord: 0.0ms)


Started GET "/" for ::1 at 2020-06-01 16:28:49 -0400
Processing by StaticPagesController#root as HTML
  Rendering static_pages/root.html.erb within layouts/application
  Rendered static_pages/root.html.erb within layouts/application (0.7ms)
Completed 200 OK in 383ms (Views: 380.3ms | ActiveRecord: 0.0ms)


Started GET "/" for ::1 at 2020-06-01 16:29:39 -0400
Processing by StaticPagesController#root as HTML
  Rendering static_pages/root.html.erb within layouts/application
  Rendered static_pages/root.html.erb within layouts/application (0.4ms)
Completed 200 OK in 332ms (Views: 330.8ms | ActiveRecord: 0.0ms)


Started GET "/" for ::1 at 2020-06-01 16:37:33 -0400
Processing by StaticPagesController#root as HTML
  Rendering static_pages/root.html.erb within layouts/application
  Rendered static_pages/root.html.erb within layouts/application (1.4ms)
Completed 200 OK in 410ms (Views: 407.7ms | ActiveRecord: 0.0ms)


Started GET "/" for ::1 at 2020-06-01 16:40:55 -0400
Processing by StaticPagesController#root as HTML
  Rendering static_pages/root.html.erb within layouts/application
  Rendered static_pages/root.html.erb within layouts/application (1.0ms)
Completed 200 OK in 363ms (Views: 361.7ms | ActiveRecord: 0.0ms)


Started GET "/" for ::1 at 2020-06-01 16:41:41 -0400
Processing by StaticPagesController#root as HTML
  Rendering static_pages/root.html.erb within layouts/application
  Rendered static_pages/root.html.erb within layouts/application (0.4ms)
Completed 200 OK in 355ms (Views: 351.1ms | ActiveRecord: 0.0ms)


Started GET "/" for ::1 at 2020-06-01 16:42:06 -0400
Processing by StaticPagesController#root as HTML
  Rendering static_pages/root.html.erb within layouts/application
  Rendered static_pages/root.html.erb within layouts/application (0.3ms)
Completed 200 OK in 376ms (Views: 374.1ms | ActiveRecord: 0.0ms)


Started GET "/" for ::1 at 2020-06-01 16:42:44 -0400
Processing by StaticPagesController#root as HTML
  Rendering static_pages/root.html.erb within layouts/application
  Rendered static_pages/root.html.erb within layouts/application (0.4ms)
Completed 200 OK in 427ms (Views: 425.3ms | ActiveRecord: 0.0ms)


Started GET "/" for ::1 at 2020-06-01 16:42:57 -0400
Processing by StaticPagesController#root as HTML
  Rendering static_pages/root.html.erb within layouts/application
  Rendered static_pages/root.html.erb within layouts/application (0.3ms)
Completed 200 OK in 393ms (Views: 390.7ms | ActiveRecord: 0.0ms)


Started GET "/" for ::1 at 2020-06-01 16:44:46 -0400
Processing by StaticPagesController#root as HTML
  Rendering static_pages/root.html.erb within layouts/application
  Rendered static_pages/root.html.erb within layouts/application (0.5ms)
Completed 200 OK in 315ms (Views: 313.2ms | ActiveRecord: 0.0ms)


Started GET "/" for ::1 at 2020-06-01 16:46:44 -0400
Processing by StaticPagesController#root as HTML
  Rendering static_pages/root.html.erb within layouts/application
  Rendered static_pages/root.html.erb within layouts/application (1.7ms)
Completed 200 OK in 467ms (Views: 462.1ms | ActiveRecord: 0.0ms)


Started GET "/" for ::1 at 2020-06-01 16:46:57 -0400
Processing by StaticPagesController#root as HTML
  Rendering static_pages/root.html.erb within layouts/application
  Rendered static_pages/root.html.erb within layouts/application (1.2ms)
Completed 200 OK in 402ms (Views: 398.9ms | ActiveRecord: 0.0ms)


Started GET "/" for ::1 at 2020-06-01 16:47:09 -0400
Processing by StaticPagesController#root as HTML
  Rendering static_pages/root.html.erb within layouts/application
  Rendered static_pages/root.html.erb within layouts/application (1.4ms)
Completed 200 OK in 41ms (Views: 38.9ms | ActiveRecord: 0.0ms)


Started GET "/" for ::1 at 2020-06-01 16:47:42 -0400
Processing by StaticPagesController#root as HTML
  Rendering static_pages/root.html.erb within layouts/application
  Rendered static_pages/root.html.erb within layouts/application (0.7ms)
Completed 200 OK in 562ms (Views: 558.1ms | ActiveRecord: 0.0ms)


Started GET "/" for ::1 at 2020-06-01 16:47:57 -0400
Processing by StaticPagesController#root as HTML
  Rendering static_pages/root.html.erb within layouts/application
  Rendered static_pages/root.html.erb within layouts/application (1.1ms)
Completed 200 OK in 445ms (Views: 443.1ms | ActiveRecord: 0.0ms)


Started GET "/" for ::1 at 2020-06-01 16:48:04 -0400
Processing by StaticPagesController#root as HTML
  Rendering static_pages/root.html.erb within layouts/application
  Rendered static_pages/root.html.erb within layouts/application (1.1ms)
Completed 200 OK in 161ms (Views: 158.2ms | ActiveRecord: 0.0ms)


Started GET "/" for ::1 at 2020-06-01 16:48:16 -0400
Processing by StaticPagesController#root as HTML
  Rendering static_pages/root.html.erb within layouts/application
  Rendered static_pages/root.html.erb within layouts/application (0.4ms)
Completed 200 OK in 253ms (Views: 250.7ms | ActiveRecord: 0.0ms)


Started GET "/" for ::1 at 2020-06-01 16:48:27 -0400
Processing by StaticPagesController#root as HTML
  Rendering static_pages/root.html.erb within layouts/application
  Rendered static_pages/root.html.erb within layouts/application (0.4ms)
Completed 200 OK in 431ms (Views: 428.7ms | ActiveRecord: 0.0ms)


Started GET "/" for ::1 at 2020-06-01 16:53:20 -0400
Processing by StaticPagesController#root as HTML
  Rendering static_pages/root.html.erb within layouts/application
  Rendered static_pages/root.html.erb within layouts/application (1.2ms)
Completed 200 OK in 434ms (Views: 430.5ms | ActiveRecord: 0.0ms)


Started GET "/" for ::1 at 2020-06-01 16:56:34 -0400
Processing by StaticPagesController#root as HTML
  Rendering static_pages/root.html.erb within layouts/application
  Rendered static_pages/root.html.erb within layouts/application (0.5ms)
Completed 200 OK in 64ms (Views: 61.4ms | ActiveRecord: 0.0ms)


Started GET "/" for ::1 at 2020-06-01 16:59:14 -0400
Processing by StaticPagesController#root as HTML
  Rendering static_pages/root.html.erb within layouts/application
  Rendered static_pages/root.html.erb within layouts/application (0.5ms)
Completed 200 OK in 414ms (Views: 412.9ms | ActiveRecord: 0.0ms)


Started GET "/" for ::1 at 2020-06-01 16:59:20 -0400
Processing by StaticPagesController#root as HTML
  Rendering static_pages/root.html.erb within layouts/application
  Rendered static_pages/root.html.erb within layouts/application (0.6ms)
Completed 200 OK in 47ms (Views: 43.1ms | ActiveRecord: 0.0ms)


Started GET "/" for ::1 at 2020-06-01 17:00:19 -0400
Processing by StaticPagesController#root as HTML
  Rendering static_pages/root.html.erb within layouts/application
  Rendered static_pages/root.html.erb within layouts/application (0.9ms)
Completed 200 OK in 360ms (Views: 358.3ms | ActiveRecord: 0.0ms)


Started GET "/" for ::1 at 2020-06-01 17:01:41 -0400
Processing by StaticPagesController#root as HTML
  Rendering static_pages/root.html.erb within layouts/application
  Rendered static_pages/root.html.erb within layouts/application (0.3ms)
Completed 200 OK in 373ms (Views: 370.6ms | ActiveRecord: 0.0ms)


Started GET "/" for ::1 at 2020-06-01 17:02:54 -0400
Processing by StaticPagesController#root as HTML
  Rendering static_pages/root.html.erb within layouts/application
  Rendered static_pages/root.html.erb within layouts/application (0.6ms)
Completed 200 OK in 420ms (Views: 418.2ms | ActiveRecord: 0.0ms)


Started GET "/" for ::1 at 2020-06-01 17:03:05 -0400
Processing by StaticPagesController#root as HTML
  Rendering static_pages/root.html.erb within layouts/application
  Rendered static_pages/root.html.erb within layouts/application (1.2ms)
Completed 200 OK in 34ms (Views: 31.5ms | ActiveRecord: 0.0ms)


Started GET "/" for ::1 at 2020-06-01 17:03:23 -0400
Processing by StaticPagesController#root as HTML
  Rendering static_pages/root.html.erb within layouts/application
  Rendered static_pages/root.html.erb within layouts/application (0.6ms)
Completed 200 OK in 436ms (Views: 434.6ms | ActiveRecord: 0.0ms)


Started GET "/" for ::1 at 2020-06-01 17:03:54 -0400
Processing by StaticPagesController#root as HTML
  Rendering static_pages/root.html.erb within layouts/application
  Rendered static_pages/root.html.erb within layouts/application (0.4ms)
Completed 200 OK in 67ms (Views: 65.1ms | ActiveRecord: 0.0ms)


Started GET "/" for ::1 at 2020-06-01 17:03:57 -0400
Processing by StaticPagesController#root as HTML
  Rendering static_pages/root.html.erb within layouts/application
  Rendered static_pages/root.html.erb within layouts/application (0.8ms)
Completed 200 OK in 495ms (Views: 492.9ms | ActiveRecord: 0.0ms)


Started POST "/api/users" for ::1 at 2020-06-01 17:16:39 -0400
Processing by Api::UsersController#create as JSON
  Parameters: {"user"=>{"username"=>"dub", "email"=>"dubberman", "password"=>"[FILTERED]"}}
  [1m[35m (0.2ms)[0m  [1m[35mBEGIN[0m
  ↳ app/controllers/api/users_controller.rb:5
  [1m[36mUser Exists (4.3ms)[0m  [1m[34mSELECT  1 AS one FROM "users" WHERE "users"."username" = $1 LIMIT $2[0m  [["username", "dub"], ["LIMIT", 1]]
  ↳ app/controllers/api/users_controller.rb:5
  [1m[36mUser Exists (0.4ms)[0m  [1m[34mSELECT  1 AS one FROM "users" WHERE "users"."email" = $1 LIMIT $2[0m  [["email", "dubberman"], ["LIMIT", 1]]
  ↳ app/controllers/api/users_controller.rb:5
  [1m[35m (0.2ms)[0m  [1m[31mROLLBACK[0m
  ↳ app/controllers/api/users_controller.rb:5
Completed 401 Unauthorized in 287ms (Views: 0.7ms | ActiveRecord: 23.3ms)


Started POST "/api/users" for ::1 at 2020-06-01 17:17:08 -0400
Processing by Api::UsersController#create as JSON
  Parameters: {"user"=>{"username"=>"dub1", "email"=>"dubberman1", "password"=>"[FILTERED]"}}
  [1m[35m (0.2ms)[0m  [1m[35mBEGIN[0m
  ↳ app/controllers/api/users_controller.rb:5
  [1m[36mUser Exists (0.5ms)[0m  [1m[34mSELECT  1 AS one FROM "users" WHERE "users"."username" = $1 LIMIT $2[0m  [["username", "dub1"], ["LIMIT", 1]]
  ↳ app/controllers/api/users_controller.rb:5
  [1m[36mUser Exists (0.4ms)[0m  [1m[34mSELECT  1 AS one FROM "users" WHERE "users"."email" = $1 LIMIT $2[0m  [["email", "dubberman1"], ["LIMIT", 1]]
  ↳ app/controllers/api/users_controller.rb:5
  [1m[36mUser Create (6.1ms)[0m  [1m[32mINSERT INTO "users" ("username", "email", "password_digest", "session_token", "created_at", "updated_at") VALUES ($1, $2, $3, $4, $5, $6) RETURNING "id"[0m  [["username", "dub1"], ["email", "dubberman1"], ["password_digest", "$2a$12$NnkWDm8zEYhzSyF9/D1iRuURsdkpLbc0uKrSPq8oZzgE0Z62/bGsq"], ["session_token", "L2FgY9kDWWj66gKGkhVwLA"], ["created_at", "2020-06-01 21:17:09.146447"], ["updated_at", "2020-06-01 21:17:09.146447"]]
  ↳ app/controllers/api/users_controller.rb:5
  [1m[35m (0.6ms)[0m  [1m[35mCOMMIT[0m
  ↳ app/controllers/api/users_controller.rb:5
  [1m[35m (0.2ms)[0m  [1m[35mBEGIN[0m
  ↳ app/models/user.rb:65
  [1m[36mUser Exists (1.2ms)[0m  [1m[34mSELECT  1 AS one FROM "users" WHERE "users"."username" = $1 AND "users"."id" != $2 LIMIT $3[0m  [["username", "dub1"], ["id", 4], ["LIMIT", 1]]
  ↳ app/models/user.rb:65
  [1m[36mUser Exists (0.5ms)[0m  [1m[34mSELECT  1 AS one FROM "users" WHERE "users"."email" = $1 AND "users"."id" != $2 LIMIT $3[0m  [["email", "dubberman1"], ["id", 4], ["LIMIT", 1]]
  ↳ app/models/user.rb:65
  [1m[36mUser Update (4.3ms)[0m  [1m[33mUPDATE "users" SET "session_token" = $1, "updated_at" = $2 WHERE "users"."id" = $3[0m  [["session_token", "RRcZzseVM6VUAco5URG74A"], ["updated_at", "2020-06-01 21:17:09.161583"], ["id", 4]]
  ↳ app/models/user.rb:65
  [1m[35m (0.4ms)[0m  [1m[35mCOMMIT[0m
  ↳ app/models/user.rb:65
  Rendering api/users/show.json.jbuilder
  Rendered api/users/_user.json.jbuilder (0.7ms)
  Rendered api/users/show.json.jbuilder (3.6ms)
Completed 200 OK in 257ms (Views: 12.6ms | ActiveRecord: 14.3ms)


Started DELETE "/api/session" for ::1 at 2020-06-01 17:17:15 -0400
Processing by Api::SessionsController#destroy as JSON
  [1m[36mUser Load (0.3ms)[0m  [1m[34mSELECT  "users".* FROM "users" WHERE "users"."session_token" = $1 LIMIT $2[0m  [["session_token", "RRcZzseVM6VUAco5URG74A"], ["LIMIT", 1]]
  ↳ app/controllers/application_controller.rb:6
  [1m[35m (0.3ms)[0m  [1m[35mBEGIN[0m
  ↳ app/models/user.rb:65
  [1m[36mUser Exists (0.4ms)[0m  [1m[34mSELECT  1 AS one FROM "users" WHERE "users"."username" = $1 AND "users"."id" != $2 LIMIT $3[0m  [["username", "dub1"], ["id", 4], ["LIMIT", 1]]
  ↳ app/models/user.rb:65
  [1m[36mUser Exists (0.4ms)[0m  [1m[34mSELECT  1 AS one FROM "users" WHERE "users"."email" = $1 AND "users"."id" != $2 LIMIT $3[0m  [["email", "dubberman1"], ["id", 4], ["LIMIT", 1]]
  ↳ app/models/user.rb:65
  [1m[36mUser Update (0.8ms)[0m  [1m[33mUPDATE "users" SET "session_token" = $1, "updated_at" = $2 WHERE "users"."id" = $3[0m  [["session_token", "cMnCsTo5saZEEcFHHao7Zw"], ["updated_at", "2020-06-01 21:17:15.848032"], ["id", 4]]
  ↳ app/models/user.rb:65
  [1m[35m (0.4ms)[0m  [1m[35mCOMMIT[0m
  ↳ app/models/user.rb:65
  Rendering api/users/show.json.jbuilder
  Rendered api/users/_user.json.jbuilder (0.3ms)
  Rendered api/users/show.json.jbuilder (1.8ms)
Completed 200 OK in 18ms (Views: 7.0ms | ActiveRecord: 2.8ms)


Started POST "/api/session" for ::1 at 2020-06-01 17:17:18 -0400
Processing by Api::SessionsController#create as JSON
  Parameters: {"user"=>{"username"=>"dub1", "email"=>"dubberman1", "password"=>"[FILTERED]"}}
  [1m[36mUser Load (0.6ms)[0m  [1m[34mSELECT  "users".* FROM "users" WHERE "users"."email" = $1 LIMIT $2[0m  [["email", "dubberman1"], ["LIMIT", 1]]
  ↳ app/models/user.rb:42
  [1m[35m (0.2ms)[0m  [1m[35mBEGIN[0m
  ↳ app/models/user.rb:65
  [1m[36mUser Exists (0.4ms)[0m  [1m[34mSELECT  1 AS one FROM "users" WHERE "users"."username" = $1 AND "users"."id" != $2 LIMIT $3[0m  [["username", "dub1"], ["id", 4], ["LIMIT", 1]]
  ↳ app/models/user.rb:65
  [1m[36mUser Exists (0.3ms)[0m  [1m[34mSELECT  1 AS one FROM "users" WHERE "users"."email" = $1 AND "users"."id" != $2 LIMIT $3[0m  [["email", "dubberman1"], ["id", 4], ["LIMIT", 1]]
  ↳ app/models/user.rb:65
  [1m[36mUser Update (0.5ms)[0m  [1m[33mUPDATE "users" SET "session_token" = $1, "updated_at" = $2 WHERE "users"."id" = $3[0m  [["session_token", "dQUJQKBDHNi_PjiOgdq1kw"], ["updated_at", "2020-06-01 21:17:18.492762"], ["id", 4]]
  ↳ app/models/user.rb:65
  [1m[35m (0.7ms)[0m  [1m[35mCOMMIT[0m
  ↳ app/models/user.rb:65
  Rendering api/users/show.json.jbuilder
  Rendered api/users/_user.json.jbuilder (0.3ms)
  Rendered api/users/show.json.jbuilder (1.5ms)
Completed 200 OK in 244ms (Views: 7.5ms | ActiveRecord: 2.7ms)


Started GET "/" for ::1 at 2020-06-01 17:17:59 -0400
Processing by StaticPagesController#root as HTML
  Rendering static_pages/root.html.erb within layouts/application
  Rendered static_pages/root.html.erb within layouts/application (0.5ms)
Completed 200 OK in 369ms (Views: 367.1ms | ActiveRecord: 0.0ms)


Started POST "/api/users" for ::1 at 2020-06-01 17:18:04 -0400
Processing by Api::UsersController#create as JSON
  Parameters: {"user"=>{"username"=>"testing", "email"=>"testing", "password"=>"[FILTERED]"}}
  [1m[35m (0.3ms)[0m  [1m[35mBEGIN[0m
  ↳ app/controllers/api/users_controller.rb:5
  [1m[36mUser Exists (0.4ms)[0m  [1m[34mSELECT  1 AS one FROM "users" WHERE "users"."username" = $1 LIMIT $2[0m  [["username", "testing"], ["LIMIT", 1]]
  ↳ app/controllers/api/users_controller.rb:5
  [1m[36mUser Exists (0.4ms)[0m  [1m[34mSELECT  1 AS one FROM "users" WHERE "users"."email" = $1 LIMIT $2[0m  [["email", "testing"], ["LIMIT", 1]]
  ↳ app/controllers/api/users_controller.rb:5
  [1m[36mUser Create (0.4ms)[0m  [1m[32mINSERT INTO "users" ("username", "email", "password_digest", "session_token", "created_at", "updated_at") VALUES ($1, $2, $3, $4, $5, $6) RETURNING "id"[0m  [["username", "testing"], ["email", "testing"], ["password_digest", "$2a$12$TCH1oecxYm8F5.FCgDyOGeOszA.Cr4koYFyagnj3gCEDuXPCFFZqq"], ["session_token", "BIafs8hq2PqX2vK0TZWadg"], ["created_at", "2020-06-01 21:18:04.547267"], ["updated_at", "2020-06-01 21:18:04.547267"]]
  ↳ app/controllers/api/users_controller.rb:5
  [1m[35m (0.3ms)[0m  [1m[35mCOMMIT[0m
  ↳ app/controllers/api/users_controller.rb:5
  [1m[35m (0.1ms)[0m  [1m[35mBEGIN[0m
  ↳ app/models/user.rb:65
  [1m[36mUser Exists (0.3ms)[0m  [1m[34mSELECT  1 AS one FROM "users" WHERE "users"."username" = $1 AND "users"."id" != $2 LIMIT $3[0m  [["username", "testing"], ["id", 5], ["LIMIT", 1]]
  ↳ app/models/user.rb:65
  [1m[36mUser Exists (0.2ms)[0m  [1m[34mSELECT  1 AS one FROM "users" WHERE "users"."email" = $1 AND "users"."id" != $2 LIMIT $3[0m  [["email", "testing"], ["id", 5], ["LIMIT", 1]]
  ↳ app/models/user.rb:65
  [1m[36mUser Update (0.3ms)[0m  [1m[33mUPDATE "users" SET "session_token" = $1, "updated_at" = $2 WHERE "users"."id" = $3[0m  [["session_token", "tKdljRpeX4x89TqG-mMy4g"], ["updated_at", "2020-06-01 21:18:04.551060"], ["id", 5]]
  ↳ app/models/user.rb:65
  [1m[35m (0.3ms)[0m  [1m[35mCOMMIT[0m
  ↳ app/models/user.rb:65
  Rendering api/users/show.json.jbuilder
  Rendered api/users/_user.json.jbuilder (0.3ms)
  Rendered api/users/show.json.jbuilder (1.5ms)
Completed 200 OK in 235ms (Views: 5.8ms | ActiveRecord: 2.7ms)


Started POST "/api/users" for ::1 at 2020-06-01 17:18:54 -0400
Processing by Api::UsersController#create as JSON
  Parameters: {"user"=>{"username"=>"testing11", "email"=>"testing11", "password"=>"[FILTERED]"}}
  [1m[35m (0.2ms)[0m  [1m[35mBEGIN[0m
  ↳ app/controllers/api/users_controller.rb:5
  [1m[36mUser Exists (0.3ms)[0m  [1m[34mSELECT  1 AS one FROM "users" WHERE "users"."username" = $1 LIMIT $2[0m  [["username", "testing11"], ["LIMIT", 1]]
  ↳ app/controllers/api/users_controller.rb:5
  [1m[36mUser Exists (0.3ms)[0m  [1m[34mSELECT  1 AS one FROM "users" WHERE "users"."email" = $1 LIMIT $2[0m  [["email", "testing11"], ["LIMIT", 1]]
  ↳ app/controllers/api/users_controller.rb:5
  [1m[36mUser Create (0.3ms)[0m  [1m[32mINSERT INTO "users" ("username", "email", "password_digest", "session_token", "created_at", "updated_at") VALUES ($1, $2, $3, $4, $5, $6) RETURNING "id"[0m  [["username", "testing11"], ["email", "testing11"], ["password_digest", "$2a$12$FWdMDMxrbmj4lTf5bs9kW.W1njcazZogjn4vHzed15SZXf.xC/BNm"], ["session_token", "IB83fBCiVOeAgGDKZlyi0Q"], ["created_at", "2020-06-01 21:18:54.280442"], ["updated_at", "2020-06-01 21:18:54.280442"]]
  ↳ app/controllers/api/users_controller.rb:5
  [1m[35m (2.5ms)[0m  [1m[35mCOMMIT[0m
  ↳ app/controllers/api/users_controller.rb:5
  [1m[35m (0.1ms)[0m  [1m[35mBEGIN[0m
  ↳ app/models/user.rb:65
  [1m[36mUser Exists (0.3ms)[0m  [1m[34mSELECT  1 AS one FROM "users" WHERE "users"."username" = $1 AND "users"."id" != $2 LIMIT $3[0m  [["username", "testing11"], ["id", 6], ["LIMIT", 1]]
  ↳ app/models/user.rb:65
  [1m[36mUser Exists (0.2ms)[0m  [1m[34mSELECT  1 AS one FROM "users" WHERE "users"."email" = $1 AND "users"."id" != $2 LIMIT $3[0m  [["email", "testing11"], ["id", 6], ["LIMIT", 1]]
  ↳ app/models/user.rb:65
  [1m[36mUser Update (0.3ms)[0m  [1m[33mUPDATE "users" SET "session_token" = $1, "updated_at" = $2 WHERE "users"."id" = $3[0m  [["session_token", "SrK57aNOShzDm3DGK5pq4w"], ["updated_at", "2020-06-01 21:18:54.286189"], ["id", 6]]
  ↳ app/models/user.rb:65
  [1m[35m (0.3ms)[0m  [1m[35mCOMMIT[0m
  ↳ app/models/user.rb:65
  Rendering api/users/show.json.jbuilder
  Rendered api/users/_user.json.jbuilder (0.9ms)
  Rendered api/users/show.json.jbuilder (2.5ms)
Completed 200 OK in 234ms (Views: 7.1ms | ActiveRecord: 4.7ms)


Started GET "/" for ::1 at 2020-06-01 17:18:58 -0400
Processing by StaticPagesController#root as HTML
  Rendering static_pages/root.html.erb within layouts/application
  Rendered static_pages/root.html.erb within layouts/application (0.3ms)
Completed 200 OK in 360ms (Views: 358.6ms | ActiveRecord: 0.0ms)


Started POST "/api/users" for ::1 at 2020-06-01 17:19:04 -0400
Processing by Api::UsersController#create as JSON
  Parameters: {"user"=>{"username"=>"testing2", "email"=>"testing2", "password"=>"[FILTERED]"}}
  [1m[35m (0.1ms)[0m  [1m[35mBEGIN[0m
  ↳ app/controllers/api/users_controller.rb:5
  [1m[36mUser Exists (0.3ms)[0m  [1m[34mSELECT  1 AS one FROM "users" WHERE "users"."username" = $1 LIMIT $2[0m  [["username", "testing2"], ["LIMIT", 1]]
  ↳ app/controllers/api/users_controller.rb:5
  [1m[36mUser Exists (0.2ms)[0m  [1m[34mSELECT  1 AS one FROM "users" WHERE "users"."email" = $1 LIMIT $2[0m  [["email", "testing2"], ["LIMIT", 1]]
  ↳ app/controllers/api/users_controller.rb:5
  [1m[36mUser Create (1.2ms)[0m  [1m[32mINSERT INTO "users" ("username", "email", "password_digest", "session_token", "created_at", "updated_at") VALUES ($1, $2, $3, $4, $5, $6) RETURNING "id"[0m  [["username", "testing2"], ["email", "testing2"], ["password_digest", "$2a$12$Y4E1PdWEdJyko/c3faEW.Oo/J02Uk9OZtZF1ljbPKWV4d74j0KwKK"], ["session_token", "p1YC01efBemYYr-jQrOEZg"], ["created_at", "2020-06-01 21:19:04.750463"], ["updated_at", "2020-06-01 21:19:04.750463"]]
  ↳ app/controllers/api/users_controller.rb:5
  [1m[35m (0.3ms)[0m  [1m[35mCOMMIT[0m
  ↳ app/controllers/api/users_controller.rb:5
  [1m[35m (0.1ms)[0m  [1m[35mBEGIN[0m
  ↳ app/models/user.rb:65
  [1m[36mUser Exists (0.5ms)[0m  [1m[34mSELECT  1 AS one FROM "users" WHERE "users"."username" = $1 AND "users"."id" != $2 LIMIT $3[0m  [["username", "testing2"], ["id", 7], ["LIMIT", 1]]
  ↳ app/models/user.rb:65
  [1m[36mUser Exists (0.5ms)[0m  [1m[34mSELECT  1 AS one FROM "users" WHERE "users"."email" = $1 AND "users"."id" != $2 LIMIT $3[0m  [["email", "testing2"], ["id", 7], ["LIMIT", 1]]
  ↳ app/models/user.rb:65
  [1m[36mUser Update (1.3ms)[0m  [1m[33mUPDATE "users" SET "session_token" = $1, "updated_at" = $2 WHERE "users"."id" = $3[0m  [["session_token", "-HqiY2a5rQUGTSmFTKEiRA"], ["updated_at", "2020-06-01 21:19:04.756304"], ["id", 7]]
  ↳ app/models/user.rb:65
  [1m[35m (0.3ms)[0m  [1m[35mCOMMIT[0m
  ↳ app/models/user.rb:65
  Rendering api/users/show.json.jbuilder
  Rendered api/users/_user.json.jbuilder (0.2ms)
  Rendered api/users/show.json.jbuilder (1.0ms)
Completed 200 OK in 234ms (Views: 4.8ms | ActiveRecord: 4.9ms)


Started POST "/api/users" for ::1 at 2020-06-01 17:20:30 -0400
Processing by Api::UsersController#create as JSON
  Parameters: {"user"=>{"username"=>"testing2", "email"=>"testing2", "password"=>"[FILTERED]"}}
  [1m[35m (0.3ms)[0m  [1m[35mBEGIN[0m
  ↳ app/controllers/api/users_controller.rb:5
  [1m[36mUser Exists (0.5ms)[0m  [1m[34mSELECT  1 AS one FROM "users" WHERE "users"."username" = $1 LIMIT $2[0m  [["username", "testing2"], ["LIMIT", 1]]
  ↳ app/controllers/api/users_controller.rb:5
  [1m[36mUser Exists (0.3ms)[0m  [1m[34mSELECT  1 AS one FROM "users" WHERE "users"."email" = $1 LIMIT $2[0m  [["email", "testing2"], ["LIMIT", 1]]
  ↳ app/controllers/api/users_controller.rb:5
  [1m[35m (0.4ms)[0m  [1m[31mROLLBACK[0m
  ↳ app/controllers/api/users_controller.rb:5
Completed 401 Unauthorized in 256ms (Views: 0.9ms | ActiveRecord: 1.5ms)


Started POST "/api/users" for ::1 at 2020-06-01 17:20:32 -0400
Processing by Api::UsersController#create as JSON
  Parameters: {"user"=>{"username"=>"testing2", "email"=>"testing2", "password"=>"[FILTERED]"}}
  [1m[35m (0.2ms)[0m  [1m[35mBEGIN[0m
  ↳ app/controllers/api/users_controller.rb:5
  [1m[36mUser Exists (0.6ms)[0m  [1m[34mSELECT  1 AS one FROM "users" WHERE "users"."username" = $1 LIMIT $2[0m  [["username", "testing2"], ["LIMIT", 1]]
  ↳ app/controllers/api/users_controller.rb:5
  [1m[36mUser Exists (0.5ms)[0m  [1m[34mSELECT  1 AS one FROM "users" WHERE "users"."email" = $1 LIMIT $2[0m  [["email", "testing2"], ["LIMIT", 1]]
  ↳ app/controllers/api/users_controller.rb:5
  [1m[35m (0.2ms)[0m  [1m[31mROLLBACK[0m
  ↳ app/controllers/api/users_controller.rb:5
Completed 401 Unauthorized in 234ms (Views: 0.1ms | ActiveRecord: 1.4ms)


Started POST "/api/users" for ::1 at 2020-06-01 17:20:33 -0400
Processing by Api::UsersController#create as JSON
  Parameters: {"user"=>{"username"=>"testing2", "email"=>"testing2", "password"=>"[FILTERED]"}}
  [1m[35m (0.2ms)[0m  [1m[35mBEGIN[0m
  ↳ app/controllers/api/users_controller.rb:5
  [1m[36mUser Exists (0.4ms)[0m  [1m[34mSELECT  1 AS one FROM "users" WHERE "users"."username" = $1 LIMIT $2[0m  [["username", "testing2"], ["LIMIT", 1]]
  ↳ app/controllers/api/users_controller.rb:5
  [1m[36mUser Exists (0.5ms)[0m  [1m[34mSELECT  1 AS one FROM "users" WHERE "users"."email" = $1 LIMIT $2[0m  [["email", "testing2"], ["LIMIT", 1]]
  ↳ app/controllers/api/users_controller.rb:5
  [1m[35m (0.2ms)[0m  [1m[31mROLLBACK[0m
  ↳ app/controllers/api/users_controller.rb:5
Completed 401 Unauthorized in 227ms (Views: 0.2ms | ActiveRecord: 1.3ms)


Started POST "/api/users" for ::1 at 2020-06-01 17:20:35 -0400
Processing by Api::UsersController#create as JSON
  Parameters: {"user"=>{"username"=>"testing23", "email"=>"testing2", "password"=>"[FILTERED]"}}
  [1m[35m (0.2ms)[0m  [1m[35mBEGIN[0m
  ↳ app/controllers/api/users_controller.rb:5
  [1m[36mUser Exists (0.4ms)[0m  [1m[34mSELECT  1 AS one FROM "users" WHERE "users"."username" = $1 LIMIT $2[0m  [["username", "testing23"], ["LIMIT", 1]]
  ↳ app/controllers/api/users_controller.rb:5
  [1m[36mUser Exists (0.2ms)[0m  [1m[34mSELECT  1 AS one FROM "users" WHERE "users"."email" = $1 LIMIT $2[0m  [["email", "testing2"], ["LIMIT", 1]]
  ↳ app/controllers/api/users_controller.rb:5
  [1m[35m (0.1ms)[0m  [1m[31mROLLBACK[0m
  ↳ app/controllers/api/users_controller.rb:5
Completed 401 Unauthorized in 225ms (Views: 0.1ms | ActiveRecord: 1.0ms)


Started POST "/api/users" for ::1 at 2020-06-01 17:20:38 -0400
Processing by Api::UsersController#create as JSON
  Parameters: {"user"=>{"username"=>"testing23", "email"=>"testing23", "password"=>"[FILTERED]"}}
  [1m[35m (0.2ms)[0m  [1m[35mBEGIN[0m
  ↳ app/controllers/api/users_controller.rb:5
  [1m[36mUser Exists (0.8ms)[0m  [1m[34mSELECT  1 AS one FROM "users" WHERE "users"."username" = $1 LIMIT $2[0m  [["username", "testing23"], ["LIMIT", 1]]
  ↳ app/controllers/api/users_controller.rb:5
  [1m[36mUser Exists (0.5ms)[0m  [1m[34mSELECT  1 AS one FROM "users" WHERE "users"."email" = $1 LIMIT $2[0m  [["email", "testing23"], ["LIMIT", 1]]
  ↳ app/controllers/api/users_controller.rb:5
  [1m[36mUser Create (1.8ms)[0m  [1m[32mINSERT INTO "users" ("username", "email", "password_digest", "session_token", "created_at", "updated_at") VALUES ($1, $2, $3, $4, $5, $6) RETURNING "id"[0m  [["username", "testing23"], ["email", "testing23"], ["password_digest", "$2a$12$QAk50M4/H7VGb.3Anv8pl.w6RlWPq5PSEck.sPqDV3VT2pqYPfyD2"], ["session_token", "WX6mQSoaX30pIktCw7dI1w"], ["created_at", "2020-06-01 21:20:38.607912"], ["updated_at", "2020-06-01 21:20:38.607912"]]
  ↳ app/controllers/api/users_controller.rb:5
  [1m[35m (0.4ms)[0m  [1m[35mCOMMIT[0m
  ↳ app/controllers/api/users_controller.rb:5
  [1m[35m (0.1ms)[0m  [1m[35mBEGIN[0m
  ↳ app/models/user.rb:65
  [1m[36mUser Exists (0.3ms)[0m  [1m[34mSELECT  1 AS one FROM "users" WHERE "users"."username" = $1 AND "users"."id" != $2 LIMIT $3[0m  [["username", "testing23"], ["id", 8], ["LIMIT", 1]]
  ↳ app/models/user.rb:65
  [1m[36mUser Exists (0.3ms)[0m  [1m[34mSELECT  1 AS one FROM "users" WHERE "users"."email" = $1 AND "users"."id" != $2 LIMIT $3[0m  [["email", "testing23"], ["id", 8], ["LIMIT", 1]]
  ↳ app/models/user.rb:65
  [1m[36mUser Update (0.3ms)[0m  [1m[33mUPDATE "users" SET "session_token" = $1, "updated_at" = $2 WHERE "users"."id" = $3[0m  [["session_token", "efm2Nt839FTC10VagBVm1Q"], ["updated_at", "2020-06-01 21:20:38.614867"], ["id", 8]]
  ↳ app/models/user.rb:65
  [1m[35m (0.3ms)[0m  [1m[35mCOMMIT[0m
  ↳ app/models/user.rb:65
  Rendering api/users/show.json.jbuilder
  Rendered api/users/_user.json.jbuilder (0.6ms)
  Rendered api/users/show.json.jbuilder (2.5ms)
Completed 200 OK in 255ms (Views: 7.4ms | ActiveRecord: 4.9ms)


Started GET "/" for ::1 at 2020-06-01 17:20:43 -0400
Processing by StaticPagesController#root as HTML
  Rendering static_pages/root.html.erb within layouts/application
  Rendered static_pages/root.html.erb within layouts/application (0.4ms)
Completed 200 OK in 339ms (Views: 337.4ms | ActiveRecord: 0.0ms)


Started POST "/api/users" for ::1 at 2020-06-01 17:20:49 -0400
Processing by Api::UsersController#create as JSON
  Parameters: {"user"=>{"username"=>"bobobob", "email"=>"bobobobo", "password"=>"[FILTERED]"}}
  [1m[35m (0.1ms)[0m  [1m[35mBEGIN[0m
  ↳ app/controllers/api/users_controller.rb:5
  [1m[36mUser Exists (0.4ms)[0m  [1m[34mSELECT  1 AS one FROM "users" WHERE "users"."username" = $1 LIMIT $2[0m  [["username", "bobobob"], ["LIMIT", 1]]
  ↳ app/controllers/api/users_controller.rb:5
  [1m[36mUser Exists (0.4ms)[0m  [1m[34mSELECT  1 AS one FROM "users" WHERE "users"."email" = $1 LIMIT $2[0m  [["email", "bobobobo"], ["LIMIT", 1]]
  ↳ app/controllers/api/users_controller.rb:5
  [1m[36mUser Create (0.3ms)[0m  [1m[32mINSERT INTO "users" ("username", "email", "password_digest", "session_token", "created_at", "updated_at") VALUES ($1, $2, $3, $4, $5, $6) RETURNING "id"[0m  [["username", "bobobob"], ["email", "bobobobo"], ["password_digest", "$2a$12$U6ULRNA4Y.l38aICvRRin.mAtfHNFNpEaJ.SZdsVFdmwDDXJUGOvm"], ["session_token", "WcQcKXJ2imYod3C6usRpug"], ["created_at", "2020-06-01 21:20:49.382200"], ["updated_at", "2020-06-01 21:20:49.382200"]]
  ↳ app/controllers/api/users_controller.rb:5
  [1m[35m (0.3ms)[0m  [1m[35mCOMMIT[0m
  ↳ app/controllers/api/users_controller.rb:5
  [1m[35m (0.1ms)[0m  [1m[35mBEGIN[0m
  ↳ app/models/user.rb:65
  [1m[36mUser Exists (0.3ms)[0m  [1m[34mSELECT  1 AS one FROM "users" WHERE "users"."username" = $1 AND "users"."id" != $2 LIMIT $3[0m  [["username", "bobobob"], ["id", 9], ["LIMIT", 1]]
  ↳ app/models/user.rb:65
  [1m[36mUser Exists (0.3ms)[0m  [1m[34mSELECT  1 AS one FROM "users" WHERE "users"."email" = $1 AND "users"."id" != $2 LIMIT $3[0m  [["email", "bobobobo"], ["id", 9], ["LIMIT", 1]]
  ↳ app/models/user.rb:65
  [1m[36mUser Update (1.2ms)[0m  [1m[33mUPDATE "users" SET "session_token" = $1, "updated_at" = $2 WHERE "users"."id" = $3[0m  [["session_token", "D3yqgk82Mx6m0q21w5kY1g"], ["updated_at", "2020-06-01 21:20:49.386207"], ["id", 9]]
  ↳ app/models/user.rb:65
  [1m[35m (0.3ms)[0m  [1m[35mCOMMIT[0m
  ↳ app/models/user.rb:65
  Rendering api/users/show.json.jbuilder
  Rendered api/users/_user.json.jbuilder (0.3ms)
  Rendered api/users/show.json.jbuilder (1.5ms)
Completed 200 OK in 232ms (Views: 6.3ms | ActiveRecord: 3.7ms)


Started GET "/" for ::1 at 2020-06-01 17:21:14 -0400
Processing by StaticPagesController#root as HTML
  Rendering static_pages/root.html.erb within layouts/application
  Rendered static_pages/root.html.erb within layouts/application (1.1ms)
Completed 200 OK in 509ms (Views: 507.3ms | ActiveRecord: 0.0ms)


Started POST "/api/users" for ::1 at 2020-06-01 17:21:20 -0400
Processing by Api::UsersController#create as JSON
  Parameters: {"user"=>{"username"=>"adsasdasdds", "email"=>"asdasasdsad", "password"=>"[FILTERED]"}}
  [1m[35m (0.2ms)[0m  [1m[35mBEGIN[0m
  ↳ app/controllers/api/users_controller.rb:5
  [1m[36mUser Exists (0.4ms)[0m  [1m[34mSELECT  1 AS one FROM "users" WHERE "users"."username" = $1 LIMIT $2[0m  [["username", "adsasdasdds"], ["LIMIT", 1]]
  ↳ app/controllers/api/users_controller.rb:5
  [1m[36mUser Exists (0.4ms)[0m  [1m[34mSELECT  1 AS one FROM "users" WHERE "users"."email" = $1 LIMIT $2[0m  [["email", "asdasasdsad"], ["LIMIT", 1]]
  ↳ app/controllers/api/users_controller.rb:5
  [1m[36mUser Create (0.4ms)[0m  [1m[32mINSERT INTO "users" ("username", "email", "password_digest", "session_token", "created_at", "updated_at") VALUES ($1, $2, $3, $4, $5, $6) RETURNING "id"[0m  [["username", "adsasdasdds"], ["email", "asdasasdsad"], ["password_digest", "$2a$12$OChF5CVI2ybw9UOI75zVI.u.i4BOOPu7kf9YMKQenWU2Mh.UCAwya"], ["session_token", "YB9Ynlg-Cm7QrUxJN-gmvg"], ["created_at", "2020-06-01 21:21:20.845662"], ["updated_at", "2020-06-01 21:21:20.845662"]]
  ↳ app/controllers/api/users_controller.rb:5
  [1m[35m (0.3ms)[0m  [1m[35mCOMMIT[0m
  ↳ app/controllers/api/users_controller.rb:5
  [1m[35m (0.1ms)[0m  [1m[35mBEGIN[0m
  ↳ app/models/user.rb:65
  [1m[36mUser Exists (0.5ms)[0m  [1m[34mSELECT  1 AS one FROM "users" WHERE "users"."username" = $1 AND "users"."id" != $2 LIMIT $3[0m  [["username", "adsasdasdds"], ["id", 10], ["LIMIT", 1]]
  ↳ app/models/user.rb:65
  [1m[36mUser Exists (0.4ms)[0m  [1m[34mSELECT  1 AS one FROM "users" WHERE "users"."email" = $1 AND "users"."id" != $2 LIMIT $3[0m  [["email", "asdasasdsad"], ["id", 10], ["LIMIT", 1]]
  ↳ app/models/user.rb:65
  [1m[36mUser Update (0.5ms)[0m  [1m[33mUPDATE "users" SET "session_token" = $1, "updated_at" = $2 WHERE "users"."id" = $3[0m  [["session_token", "GqNlzEkU2nwsL_hhUWY32g"], ["updated_at", "2020-06-01 21:21:20.851201"], ["id", 10]]
  ↳ app/models/user.rb:65
  [1m[35m (0.4ms)[0m  [1m[35mCOMMIT[0m
  ↳ app/models/user.rb:65
  Rendering api/users/show.json.jbuilder
  Rendered api/users/_user.json.jbuilder (0.3ms)
  Rendered api/users/show.json.jbuilder (1.8ms)
Completed 200 OK in 320ms (Views: 8.6ms | ActiveRecord: 3.7ms)


Started POST "/api/session" for ::1 at 2020-06-01 17:22:19 -0400
Processing by Api::SessionsController#create as JSON
  Parameters: {"user"=>{"username"=>"dub", "email"=>"", "password"=>"[FILTERED]"}}
  [1m[36mUser Load (0.9ms)[0m  [1m[34mSELECT  "users".* FROM "users" WHERE "users"."email" = $1 LIMIT $2[0m  [["email", ""], ["LIMIT", 1]]
  ↳ app/models/user.rb:42
Completed 401 Unauthorized in 3ms (Views: 0.2ms | ActiveRecord: 0.9ms)


Started GET "/" for ::1 at 2020-06-01 17:24:14 -0400
Processing by StaticPagesController#root as HTML
  Rendering static_pages/root.html.erb within layouts/application
  Rendered static_pages/root.html.erb within layouts/application (2.5ms)
Completed 200 OK in 430ms (Views: 425.1ms | ActiveRecord: 0.0ms)


Started POST "/api/session" for ::1 at 2020-06-01 17:24:23 -0400
Processing by Api::SessionsController#create as JSON
  Parameters: {"user"=>{"username"=>"", "email"=>"dubberman", "password"=>"[FILTERED]"}}
  [1m[36mUser Load (0.8ms)[0m  [1m[34mSELECT  "users".* FROM "users" WHERE "users"."email" = $1 LIMIT $2[0m  [["email", "dubberman"], ["LIMIT", 1]]
  ↳ app/models/user.rb:42
  [1m[35m (0.2ms)[0m  [1m[35mBEGIN[0m
  ↳ app/models/user.rb:65
  [1m[36mUser Exists (0.5ms)[0m  [1m[34mSELECT  1 AS one FROM "users" WHERE "users"."username" = $1 AND "users"."id" != $2 LIMIT $3[0m  [["username", "dub"], ["id", 3], ["LIMIT", 1]]
  ↳ app/models/user.rb:65
  [1m[36mUser Exists (0.3ms)[0m  [1m[34mSELECT  1 AS one FROM "users" WHERE "users"."email" = $1 AND "users"."id" != $2 LIMIT $3[0m  [["email", "dubberman"], ["id", 3], ["LIMIT", 1]]
  ↳ app/models/user.rb:65
  [1m[36mUser Update (1.4ms)[0m  [1m[33mUPDATE "users" SET "session_token" = $1, "updated_at" = $2 WHERE "users"."id" = $3[0m  [["session_token", "qCezi9cvyOd8angvbdc3Uw"], ["updated_at", "2020-06-01 21:24:24.158346"], ["id", 3]]
  ↳ app/models/user.rb:65
  [1m[35m (0.3ms)[0m  [1m[35mCOMMIT[0m
  ↳ app/models/user.rb:65
  Rendering api/users/show.json.jbuilder
  Rendered api/users/_user.json.jbuilder (0.6ms)
  Rendered api/users/show.json.jbuilder (2.5ms)
Completed 200 OK in 261ms (Views: 7.5ms | ActiveRecord: 3.6ms)


  [1m[36mUser Load (0.8ms)[0m  [1m[34mSELECT "users".* FROM "users"[0m
